[0mCompiling "target/cljsbuild/public/js/app.js" from ["src/cljs" "src/cljc" "env/dev/cljs"]...[0m
[32mSuccessfully compiled "target/cljsbuild/public/js/app.js" in 1.192 seconds.[0m
[0mCompiling "target/cljsbuild/public/js/app.js" from ["src/cljs" "src/cljc" "env/dev/cljs"]...[0m
[32mSuccessfully compiled "target/cljsbuild/public/js/app.js" in 0.597 seconds.[0m
notifying browser that file changed:  target/cljsbuild/public/js/out/goog/deps.js
notifying browser that file changed:  target/cljsbuild/public/js/out/cljs_deps.js
notifying browser that file changed:  target/cljsbuild/public/js/out/web/core.js
[0mCompiling "target/cljsbuild/public/js/app.js" from ["src/cljs" "src/cljc" "env/dev/cljs"]...[0m
[31mFailed to compile "target/cljsbuild/public/js/app.js" in 0.682 seconds.[0m
[36m----  Could not Analyze  src/cljs/web/core.cljs   line:36  column:1  ----[0m

  [1mParameter declaration missing[0m

  [36m34[0m  [36m   [:div.col-lg-6 {:id "charts-container"}]])[0m
  [36m35[0m  [36m[0m
  [33m36[0m  [1m(defn home-page )[0m
  [0m  [0m  [33m^--- Parameter declaration missing[0m
  [36m37[0m  [36m[0m
  [36m38[0m  [36m(def pages[0m
  [36m39[0m  [36m  {:home #'home-page[0m

[36m----  Analysis Error : Please see src/cljs/web/core.cljs  ----[0m
[0mCompiling "target/cljsbuild/public/js/app.js" from ["src/cljs" "src/cljc" "env/dev/cljs"]...[0m
[31mFailed to compile "target/cljsbuild/public/js/app.js" in 0.679 seconds.[0m
[36m----  Could not Analyze  src/cljs/web/core.cljs   line:36  column:1  ----[0m

  [1mParameter declaration missing[0m

  [36m34[0m  [36m   [:div.col-lg-6 {:id "charts-container"}]])[0m
  [36m35[0m  [36m[0m
  [33m36[0m  [1m(defn home-page )[0m
  [0m  [0m  [33m^--- Parameter declaration missing[0m
  [36m37[0m  [36m[0m
  [36m38[0m  [36m(def pages[0m
  [36m39[0m  [36m  {:home #'home-page[0m

[36m----  Analysis Error : Please see src/cljs/web/core.cljs  ----[0m
[0mCompiling "target/cljsbuild/public/js/app.js" from ["src/cljs" "src/cljc" "env/dev/cljs"]...[0m
[36m----  Compiler Warning on   src/cljs/web/core.cljs   line:37  column:3  ----[0m

  [1mWrong number of args (0) passed to reagent.core/create-class[0m

  [36m33[0m  [36m  [:div.row.marketing[0m
  [36m34[0m  [36m   [:div.col-lg-6 {:id "charts-container"}]])[0m
  [36m35[0m  [36m[0m
  [36m36[0m  [36m(defn home-page [][0m
  [33m37[0m  [1m  (r/create-class))[0m
  [0m  [0m  [33m  ^--- Wrong number of args (0) passed to reagent.core/create-class[0m
  [36m38[0m  [36m[0m
  [36m39[0m  [36m(def pages[0m
  [36m40[0m  [36m  {:home #'home-page[0m
  [36m41[0m  [36m   :about #'about-page})[0m

[36m----  Compiler Warning : Please see src/cljs/web/core.cljs  ----[0m
[32mSuccessfully compiled "target/cljsbuild/public/js/app.js" in 0.926 seconds.[0m
[0mCompiling "target/cljsbuild/public/js/app.js" from ["src/cljs" "src/cljc" "env/dev/cljs"]...[0m
[32mSuccessfully compiled "target/cljsbuild/public/js/app.js" in 1.085 seconds.[0m
notifying browser that file changed:  target/cljsbuild/public/js/out/web/core.js
[0mCompiling "target/cljsbuild/public/js/app.js" from ["src/cljs" "src/cljc" "env/dev/cljs"]...[0m
[31mFailed to compile "target/cljsbuild/public/js/app.js" in 0.508 seconds.[0m
[36m----  Could not Read  src/cljs/web/core.cljs   line:37  column:33  ----[0m

  [1mMap literal must contain an even number of forms[0m

  [36m36[0m  [36m(defn home-page [][0m
  [33m37[0m  [1m      (r/create-class {:reagent}))[0m
  [0m  [0m  [33m                                ^--- Map literal must contain an even number of forms[0m
  [36m38[0m  [36m[0m
  [36m39[0m  [36m(def pages[0m
  [36m40[0m  [36m  {:home #'home-page[0m

[36m----  Reader Error : Please see src/cljs/web/core.cljs  ----[0m
[0mCompiling "target/cljsbuild/public/js/app.js" from ["src/cljs" "src/cljc" "env/dev/cljs"]...[0m
[32mSuccessfully compiled "target/cljsbuild/public/js/app.js" in 0.638 seconds.[0m
notifying browser that file changed:  target/cljsbuild/public/js/out/web/core.js
[0mCompiling "target/cljsbuild/public/js/app.js" from ["src/cljs" "src/cljc" "env/dev/cljs"]...[0m
[32mSuccessfully compiled "target/cljsbuild/public/js/app.js" in 0.891 seconds.[0m
[0mCompiling "target/cljsbuild/public/js/app.js" from ["src/cljs" "src/cljc" "env/dev/cljs"]...[0m
[32mSuccessfully compiled "target/cljsbuild/public/js/app.js" in 0.721 seconds.[0m
notifying browser that file changed:  target/cljsbuild/public/js/out/web/core.js
[0mCompiling "target/cljsbuild/public/js/app.js" from ["src/cljs" "src/cljc" "env/dev/cljs"]...[0m
[32mSuccessfully compiled "target/cljsbuild/public/js/app.js" in 0.829 seconds.[0m
[0mCompiling "target/cljsbuild/public/js/app.js" from ["src/cljs" "src/cljc" "env/dev/cljs"]...[0m
[32mSuccessfully compiled "target/cljsbuild/public/js/app.js" in 0.632 seconds.[0m
notifying browser that file changed:  target/cljsbuild/public/js/out/web/core.js
[0mCompiling "target/cljsbuild/public/js/app.js" from ["src/cljs" "src/cljc" "env/dev/cljs"]...[0m
[32mSuccessfully compiled "target/cljsbuild/public/js/app.js" in 0.533 seconds.[0m
[0mCompiling "target/cljsbuild/public/js/app.js" from ["src/cljs" "src/cljc" "env/dev/cljs"]...[0m
[32mSuccessfully compiled "target/cljsbuild/public/js/app.js" in 0.49 seconds.[0m
notifying browser that file changed:  target/cljsbuild/public/js/out/web/core.js
[0mCompiling "target/cljsbuild/public/js/app.js" from ["src/cljs" "src/cljc" "env/dev/cljs"]...[0m
[32mSuccessfully compiled "target/cljsbuild/public/js/app.js" in 0.807 seconds.[0m
[0mCompiling "target/cljsbuild/public/js/app.js" from ["src/cljs" "src/cljc" "env/dev/cljs"]...[0m
[32mSuccessfully compiled "target/cljsbuild/public/js/app.js" in 0.756 seconds.[0m
notifying browser that file changed:  target/cljsbuild/public/js/out/web/core.js
[0mCompiling "target/cljsbuild/public/js/app.js" from ["src/cljs" "src/cljc" "env/dev/cljs"]...[0m
[32mSuccessfully compiled "target/cljsbuild/public/js/app.js" in 0.661 seconds.[0m
[0mCompiling "target/cljsbuild/public/js/app.js" from ["src/cljs" "src/cljc" "env/dev/cljs"]...[0m
[32mSuccessfully compiled "target/cljsbuild/public/js/app.js" in 0.581 seconds.[0m
notifying browser that file changed:  target/cljsbuild/public/js/out/web/core.js
[0mCompiling "target/cljsbuild/public/js/app.js" from ["src/cljs" "src/cljc" "env/dev/cljs"]...[0m
[32mSuccessfully compiled "target/cljsbuild/public/js/app.js" in 0.738 seconds.[0m
[0mCompiling "target/cljsbuild/public/js/app.js" from ["src/cljs" "src/cljc" "env/dev/cljs"]...[0m
[32mSuccessfully compiled "target/cljsbuild/public/js/app.js" in 0.483 seconds.[0m
notifying browser that file changed:  target/cljsbuild/public/js/out/web/core.js
[0mCompiling "target/cljsbuild/public/js/app.js" from ["src/cljs" "src/cljc" "env/dev/cljs"]...[0m
[32mSuccessfully compiled "target/cljsbuild/public/js/app.js" in 0.601 seconds.[0m
[0mCompiling "target/cljsbuild/public/js/app.js" from ["src/cljs" "src/cljc" "env/dev/cljs"]...[0m
[32mSuccessfully compiled "target/cljsbuild/public/js/app.js" in 0.628 seconds.[0m
notifying browser that file changed:  target/cljsbuild/public/js/out/web/core.js
[0mCompiling "target/cljsbuild/public/js/app.js" from ["src/cljs" "src/cljc" "env/dev/cljs"]...[0m
[32mSuccessfully compiled "target/cljsbuild/public/js/app.js" in 0.667 seconds.[0m
[0mCompiling "target/cljsbuild/public/js/app.js" from ["src/cljs" "src/cljc" "env/dev/cljs"]...[0m
[32mSuccessfully compiled "target/cljsbuild/public/js/app.js" in 0.437 seconds.[0m
notifying browser that file changed:  target/cljsbuild/public/js/out/web/core.js
[0mCompiling "target/cljsbuild/public/js/app.js" from ["src/cljs" "src/cljc" "env/dev/cljs"]...[0m
[32mSuccessfully compiled "target/cljsbuild/public/js/app.js" in 0.737 seconds.[0m
[0mCompiling "target/cljsbuild/public/js/app.js" from ["src/cljs" "src/cljc" "env/dev/cljs"]...[0m
[32mSuccessfully compiled "target/cljsbuild/public/js/app.js" in 0.597 seconds.[0m
notifying browser that file changed:  target/cljsbuild/public/js/out/web/core.js
[0mCompiling "target/cljsbuild/public/js/app.js" from ["src/cljs" "src/cljc" "env/dev/cljs"]...[0m
[32mSuccessfully compiled "target/cljsbuild/public/js/app.js" in 0.633 seconds.[0m
[0mCompiling "target/cljsbuild/public/js/app.js" from ["src/cljs" "src/cljc" "env/dev/cljs"]...[0m
[32mSuccessfully compiled "target/cljsbuild/public/js/app.js" in 0.439 seconds.[0m
notifying browser that file changed:  target/cljsbuild/public/js/out/web/core.js
[0mCompiling "target/cljsbuild/public/js/app.js" from ["src/cljs" "src/cljc" "env/dev/cljs"]...[0m
[32mSuccessfully compiled "target/cljsbuild/public/js/app.js" in 2.645 seconds.[0m
[0mCompiling "target/cljsbuild/public/js/app.js" from ["src/cljs" "src/cljc" "env/dev/cljs"]...[0m
[32mSuccessfully compiled "target/cljsbuild/public/js/app.js" in 0.444 seconds.[0m
notifying browser that file changed:  target/cljsbuild/public/js/out/web/core.js
[0mCompiling "target/cljsbuild/public/js/app.js" from ["src/cljs" "src/cljc" "env/dev/cljs"]...[0m
[32mSuccessfully compiled "target/cljsbuild/public/js/app.js" in 0.59 seconds.[0m
[0mCompiling "target/cljsbuild/public/js/app.js" from ["src/cljs" "src/cljc" "env/dev/cljs"]...[0m
[32mSuccessfully compiled "target/cljsbuild/public/js/app.js" in 0.463 seconds.[0m
notifying browser that file changed:  target/cljsbuild/public/js/out/web/core.js
[0mCompiling "target/cljsbuild/public/js/app.js" from ["src/cljs" "src/cljc" "env/dev/cljs"]...[0m
[32mSuccessfully compiled "target/cljsbuild/public/js/app.js" in 0.588 seconds.[0m
[0mCompiling "target/cljsbuild/public/js/app.js" from ["src/cljs" "src/cljc" "env/dev/cljs"]...[0m
[32mSuccessfully compiled "target/cljsbuild/public/js/app.js" in 0.503 seconds.[0m
notifying browser that file changed:  target/cljsbuild/public/js/out/web/core.js
[0mCompiling "target/cljsbuild/public/js/app.js" from ["src/cljs" "src/cljc" "env/dev/cljs"]...[0m
[32mSuccessfully compiled "target/cljsbuild/public/js/app.js" in 0.564 seconds.[0m
[0mCompiling "target/cljsbuild/public/js/app.js" from ["src/cljs" "src/cljc" "env/dev/cljs"]...[0m
[32mSuccessfully compiled "target/cljsbuild/public/js/app.js" in 0.453 seconds.[0m
notifying browser that file changed:  target/cljsbuild/public/js/out/web/core.js
[0mCompiling "target/cljsbuild/public/js/app.js" from ["src/cljs" "src/cljc" "env/dev/cljs"]...[0m
[32mSuccessfully compiled "target/cljsbuild/public/js/app.js" in 0.517 seconds.[0m
[0mCompiling "target/cljsbuild/public/js/app.js" from ["src/cljs" "src/cljc" "env/dev/cljs"]...[0m
[32mSuccessfully compiled "target/cljsbuild/public/js/app.js" in 0.681 seconds.[0m
notifying browser that file changed:  target/cljsbuild/public/js/out/web/core.js
[0mCompiling "target/cljsbuild/public/js/app.js" from ["src/cljs" "src/cljc" "env/dev/cljs"]...[0m
[32mSuccessfully compiled "target/cljsbuild/public/js/app.js" in 0.493 seconds.[0m
[0mCompiling "target/cljsbuild/public/js/app.js" from ["src/cljs" "src/cljc" "env/dev/cljs"]...[0m
[32mSuccessfully compiled "target/cljsbuild/public/js/app.js" in 0.435 seconds.[0m
notifying browser that file changed:  target/cljsbuild/public/js/out/web/core.js
[0mCompiling "target/cljsbuild/public/js/app.js" from ["src/cljs" "src/cljc" "env/dev/cljs"]...[0m
[32mSuccessfully compiled "target/cljsbuild/public/js/app.js" in 0.552 seconds.[0m
[0mCompiling "target/cljsbuild/public/js/app.js" from ["src/cljs" "src/cljc" "env/dev/cljs"]...[0m
[32mSuccessfully compiled "target/cljsbuild/public/js/app.js" in 0.461 seconds.[0m
notifying browser that file changed:  target/cljsbuild/public/js/out/web/core.js
Notifying browser that CSS file changed: resources/public/css/screen.css
[0mCompiling "target/cljsbuild/public/js/app.js" from ["src/cljs" "src/cljc" "env/dev/cljs"]...[0m
[32mSuccessfully compiled "target/cljsbuild/public/js/app.js" in 0.775 seconds.[0m
[0mCompiling "target/cljsbuild/public/js/app.js" from ["src/cljs" "src/cljc" "env/dev/cljs"]...[0m
[32mSuccessfully compiled "target/cljsbuild/public/js/app.js" in 0.611 seconds.[0m
notifying browser that file changed:  target/cljsbuild/public/js/out/web/core.js
[0mCompiling "target/cljsbuild/public/js/app.js" from ["src/cljs" "src/cljc" "env/dev/cljs"]...[0m
[32mSuccessfully compiled "target/cljsbuild/public/js/app.js" in 0.588 seconds.[0m
[0mCompiling "target/cljsbuild/public/js/app.js" from ["src/cljs" "src/cljc" "env/dev/cljs"]...[0m
[32mSuccessfully compiled "target/cljsbuild/public/js/app.js" in 0.455 seconds.[0m
notifying browser that file changed:  target/cljsbuild/public/js/out/web/core.js
Notifying browser that CSS file changed: resources/public/css/screen.css
Notifying browser that CSS file changed: resources/public/css/screen.css
Notifying browser that CSS file changed: resources/public/css/screen.css
Notifying browser that CSS file changed: resources/public/css/screen.css
[0mCompiling "target/cljsbuild/public/js/app.js" from ["src/cljs" "src/cljc" "env/dev/cljs"]...[0m
[32mSuccessfully compiled "target/cljsbuild/public/js/app.js" in 0.547 seconds.[0m
[0mCompiling "target/cljsbuild/public/js/app.js" from ["src/cljs" "src/cljc" "env/dev/cljs"]...[0m
[32mSuccessfully compiled "target/cljsbuild/public/js/app.js" in 0.503 seconds.[0m
notifying browser that file changed:  target/cljsbuild/public/js/out/web/core.js
[0mCompiling "target/cljsbuild/public/js/app.js" from ["src/cljs" "src/cljc" "env/dev/cljs"]...[0m
[32mSuccessfully compiled "target/cljsbuild/public/js/app.js" in 0.686 seconds.[0m
notifying browser that file changed:  target/cljsbuild/public/js/out/cljs_deps.js
notifying browser that file changed:  target/cljsbuild/public/js/out/web/plot.js
[0mCompiling "target/cljsbuild/public/js/app.js" from ["src/cljs" "src/cljc" "env/dev/cljs"]...[0m
[32mSuccessfully compiled "target/cljsbuild/public/js/app.js" in 0.482 seconds.[0m
notifying browser that file changed:  target/cljsbuild/public/js/out/web/plot.js
[0mCompiling "target/cljsbuild/public/js/app.js" from ["src/cljs" "src/cljc" "env/dev/cljs"]...[0m
[32mSuccessfully compiled "target/cljsbuild/public/js/app.js" in 0.447 seconds.[0m
[0mCompiling "target/cljsbuild/public/js/app.js" from ["src/cljs" "src/cljc" "env/dev/cljs"]...[0m
[32mSuccessfully compiled "target/cljsbuild/public/js/app.js" in 0.477 seconds.[0m
notifying browser that file changed:  target/cljsbuild/public/js/out/web/plot.js
[0mCompiling "target/cljsbuild/public/js/app.js" from ["src/cljs" "src/cljc" "env/dev/cljs"]...[0m
[32mSuccessfully compiled "target/cljsbuild/public/js/app.js" in 0.697 seconds.[0m
[0mCompiling "target/cljsbuild/public/js/app.js" from ["src/cljs" "src/cljc" "env/dev/cljs"]...[0m
[32mSuccessfully compiled "target/cljsbuild/public/js/app.js" in 0.472 seconds.[0m
notifying browser that file changed:  target/cljsbuild/public/js/out/cljs_deps.js
notifying browser that file changed:  target/cljsbuild/public/js/out/web/plot.js
[0mCompiling "target/cljsbuild/public/js/app.js" from ["src/cljs" "src/cljc" "env/dev/cljs"]...[0m
[32mSuccessfully compiled "target/cljsbuild/public/js/app.js" in 0.517 seconds.[0m
[0mCompiling "target/cljsbuild/public/js/app.js" from ["src/cljs" "src/cljc" "env/dev/cljs"]...[0m
[32mSuccessfully compiled "target/cljsbuild/public/js/app.js" in 0.453 seconds.[0m
notifying browser that file changed:  target/cljsbuild/public/js/out/web/plot.js
[0mCompiling "target/cljsbuild/public/js/app.js" from ["src/cljs" "src/cljc" "env/dev/cljs"]...[0m
[32mSuccessfully compiled "target/cljsbuild/public/js/app.js" in 0.468 seconds.[0m
[0mCompiling "target/cljsbuild/public/js/app.js" from ["src/cljs" "src/cljc" "env/dev/cljs"]...[0m
[32mSuccessfully compiled "target/cljsbuild/public/js/app.js" in 0.504 seconds.[0m
notifying browser that file changed:  target/cljsbuild/public/js/out/web/plot.js
[0mCompiling "target/cljsbuild/public/js/app.js" from ["src/cljs" "src/cljc" "env/dev/cljs"]...[0m
[36m----  Compiler Warning on   src/cljs/web/plot.cljs   line:18  column:22  ----[0m

  [1mUse of undeclared Var web.plot/newSvg[0m

  [36m14[0m  [36m                 :y 54[0m
  [36m15[0m  [36m                 :z 99}])[0m
  [36m16[0m  [36m[0m
  [36m17[0m  [36m(defn bubble-plot [container-id][0m
  [33m18[0m  [1m  (js/dimple.chart. (newSvg js/dimple)))[0m
  [0m  [0m  [33m                     ^--- Use of undeclared Var web.plot/newSvg[0m

[36m----  Compiler Warning : Please see src/cljs/web/plot.cljs  ----[0m
[32mSuccessfully compiled "target/cljsbuild/public/js/app.js" in 0.495 seconds.[0m
[0mCompiling "target/cljsbuild/public/js/app.js" from ["src/cljs" "src/cljc" "env/dev/cljs"]...[0m
[32mSuccessfully compiled "target/cljsbuild/public/js/app.js" in 0.446 seconds.[0m
notifying browser that file changed:  target/cljsbuild/public/js/out/web/plot.js
[0mCompiling "target/cljsbuild/public/js/app.js" from ["src/cljs" "src/cljc" "env/dev/cljs"]...[0m
[36m----  Compiler Warning on   src/cljs/web/plot.cljs   line:18  column:22  ----[0m

  [1mUse of undeclared Var web.plot/newSvg[0m

  [36m14[0m  [36m                 :y 54[0m
  [36m15[0m  [36m                 :z 99}])[0m
  [36m16[0m  [36m[0m
  [36m17[0m  [36m(defn bubble-plot [container-id][0m
  [33m18[0m  [1m  (js/dimple.chart. (newSvg js/dimple container-id 800 600) test-data))[0m
  [0m  [0m  [33m                     ^--- Use of undeclared Var web.plot/newSvg[0m

[36m----  Compiler Warning : Please see src/cljs/web/plot.cljs  ----[0m
[32mSuccessfully compiled "target/cljsbuild/public/js/app.js" in 0.507 seconds.[0m
[0mCompiling "target/cljsbuild/public/js/app.js" from ["src/cljs" "src/cljc" "env/dev/cljs"]...[0m
[32mSuccessfully compiled "target/cljsbuild/public/js/app.js" in 0.532 seconds.[0m
notifying browser that file changed:  target/cljsbuild/public/js/out/web/plot.js
[0mCompiling "target/cljsbuild/public/js/app.js" from ["src/cljs" "src/cljc" "env/dev/cljs"]...[0m
[36m----  Compiler Warning on   src/cljs/web/plot.cljs   line:18  column:24  ----[0m

  [1mUse of undeclared Var web.plot/newSvg[0m

  [36m14[0m  [36m                 :y 54[0m
  [36m15[0m  [36m                 :z 99}])[0m
  [36m16[0m  [36m[0m
  [36m17[0m  [36m(defn bubble-plot [container-id][0m
  [33m18[0m  [1m  ((js/dimple.chart.) (newSvg js/dimple container-id 800 600) test-data))[0m
  [0m  [0m  [33m                       ^--- Use of undeclared Var web.plot/newSvg[0m

[36m----  Compiler Warning : Please see src/cljs/web/plot.cljs  ----[0m
[32mSuccessfully compiled "target/cljsbuild/public/js/app.js" in 0.47 seconds.[0m
[0mCompiling "target/cljsbuild/public/js/app.js" from ["src/cljs" "src/cljc" "env/dev/cljs"]...[0m
[32mSuccessfully compiled "target/cljsbuild/public/js/app.js" in 0.427 seconds.[0m
notifying browser that file changed:  target/cljsbuild/public/js/out/web/plot.js
[0mCompiling "target/cljsbuild/public/js/app.js" from ["src/cljs" "src/cljc" "env/dev/cljs"]...[0m
[31mFailed to compile "target/cljsbuild/public/js/app.js" in 0.59 seconds.[0m
[36m----  Could not Analyze  src/cljs/web/plot.cljs   line:18  column:3  ----[0m

  [1mUnsupported binding form: (newSvg js/dimple container-id 800 600)[0m

  [36m17[0m  [36m(defn bubble-plot [container-id][0m
  [33m18[0m  [1m  (let [chart (js/dimple.chart.) (newSvg js/dimple container-id 800 600) test-data][0m
  [0m  [0m  [33m  ^--- Unsupported binding form: (newSvg js/dimple container-id 800 600)[0m
  [36m19[0m  [36m    (-> chart[0m
  [36m20[0m  [36m        (.addMeasureAxis "x" "x")[0m
  [36m21[0m  [36m        (.addMeasureAxis "y" "y")[0m

[36m----  Analysis Error : Please see src/cljs/web/plot.cljs  ----[0m
[0mCompiling "target/cljsbuild/public/js/app.js" from ["src/cljs" "src/cljc" "env/dev/cljs"]...[0m
[32mSuccessfully compiled "target/cljsbuild/public/js/app.js" in 0.571 seconds.[0m
notifying browser that file changed:  target/cljsbuild/public/js/out/web/plot.js
[0mCompiling "target/cljsbuild/public/js/app.js" from ["src/cljs" "src/cljc" "env/dev/cljs"]...[0m
[32mSuccessfully compiled "target/cljsbuild/public/js/app.js" in 1.185 seconds.[0m
[0mCompiling "target/cljsbuild/public/js/app.js" from ["src/cljs" "src/cljc" "env/dev/cljs"]...[0m
[31mFailed to compile "target/cljsbuild/public/js/app.js" in 0.39 seconds.[0m
[36m----  Could not Analyze  src/cljs/web/plot.cljs   line:18  column:3  ----[0m

  [1mUnsupported binding form: (newSvg js/dimple container-id 800 600)[0m

  [36m17[0m  [36m(defn bubble-plot [container-id][0m
  [33m18[0m  [1m  (let [chart (js/dimple.chart.) (newSvg js/dimple container-id 800 600) test-data][0m
  [0m  [0m  [33m  ^--- Unsupported binding form: (newSvg js/dimple container-id 800 600)[0m
  [36m19[0m  [36m    (-> chart[0m
  [36m20[0m  [36m        (.addMeasureAxis "x" "x")[0m
  [36m21[0m  [36m        (.addMeasureAxis "y" "y")[0m

[36m----  Analysis Error : Please see src/cljs/web/plot.cljs  ----[0m
[0mCompiling "target/cljsbuild/public/js/app.js" from ["src/cljs" "src/cljc" "env/dev/cljs"]...[0m
[31mFailed to compile "target/cljsbuild/public/js/app.js" in 0.49 seconds.[0m
[36m----  Could not Analyze  src/cljs/web/plot.cljs   line:18  column:3  ----[0m

  [1mUnsupported binding form: (newSvg js/dimple container-id 800 600)[0m

  [36m17[0m  [36m(defn bubble-plot [container-id][0m
  [33m18[0m  [1m  (let [chart (js/dimple.chart.) (newSvg js/dimple container-id 800 600) test-data][0m
  [0m  [0m  [33m  ^--- Unsupported binding form: (newSvg js/dimple container-id 800 600)[0m
  [36m19[0m  [36m    (-> chart[0m
  [36m20[0m  [36m        (.addMeasureAxis "x" "x")[0m
  [36m21[0m  [36m        (.addMeasureAxis "y" "y")[0m

[36m----  Analysis Error : Please see src/cljs/web/plot.cljs  ----[0m
[0mCompiling "target/cljsbuild/public/js/app.js" from ["src/cljs" "src/cljc" "env/dev/cljs"]...[0m
[32mSuccessfully compiled "target/cljsbuild/public/js/app.js" in 0.577 seconds.[0m
notifying browser that file changed:  target/cljsbuild/public/js/out/cljs_deps.js
notifying browser that file changed:  target/cljsbuild/public/js/out/web/core.js
[0mCompiling "target/cljsbuild/public/js/app.js" from ["src/cljs" "src/cljc" "env/dev/cljs"]...[0m
[32mSuccessfully compiled "target/cljsbuild/public/js/app.js" in 0.619 seconds.[0m
notifying browser that file changed:  target/cljsbuild/public/js/out/web/plot.js
[0mCompiling "target/cljsbuild/public/js/app.js" from ["src/cljs" "src/cljc" "env/dev/cljs"]...[0m
[31mFailed to compile "target/cljsbuild/public/js/app.js" in 0.435 seconds.[0m
[36m----  Could not Analyze  src/cljs/web/plot.cljs   line:18  column:3  ----[0m

  [1mUnsupported binding form: (.newSvg js/dimple container-id 800 600)[0m

  [36m17[0m  [36m(defn bubble-plot [container-id][0m
  [33m18[0m  [1m  (let [chart (js/dimple.chart.) (.newSvg js/dimple container-id 800 600) test-data][0m
  [0m  [0m  [33m  ^--- Unsupported binding form: (.newSvg js/dimple container-id 800 600)[0m
  [36m19[0m  [36m    (-> chart[0m
  [36m20[0m  [36m        (.addMeasureAxis "x" "x")[0m
  [36m21[0m  [36m        (.addMeasureAxis "y" "y")[0m

[36m----  Analysis Error : Please see src/cljs/web/plot.cljs  ----[0m
[0mCompiling "target/cljsbuild/public/js/app.js" from ["src/cljs" "src/cljc" "env/dev/cljs"]...[0m
[31mFailed to compile "target/cljsbuild/public/js/app.js" in 0.522 seconds.[0m
[36m----  Could not Analyze  src/cljs/web/plot.cljs   line:18  column:3  ----[0m

  [1mUnsupported binding form: (.newSvg js/dimple container-id 800 600)[0m

  [36m17[0m  [36m(defn bubble-plot [container-id][0m
  [33m18[0m  [1m  (let [chart (js/dimple.chart.) (.newSvg js/dimple container-id 800 600) test-data][0m
  [0m  [0m  [33m  ^--- Unsupported binding form: (.newSvg js/dimple container-id 800 600)[0m
  [36m19[0m  [36m    (-> chart[0m
  [36m20[0m  [36m        (.addMeasureAxis "x" "x")[0m
  [36m21[0m  [36m        (.addMeasureAxis "y" "y")[0m

[36m----  Analysis Error : Please see src/cljs/web/plot.cljs  ----[0m
[0mCompiling "target/cljsbuild/public/js/app.js" from ["src/cljs" "src/cljc" "env/dev/cljs"]...[0m
[32mSuccessfully compiled "target/cljsbuild/public/js/app.js" in 0.524 seconds.[0m
[0mCompiling "target/cljsbuild/public/js/app.js" from ["src/cljs" "src/cljc" "env/dev/cljs"]...[0m
[32mSuccessfully compiled "target/cljsbuild/public/js/app.js" in 0.439 seconds.[0m
notifying browser that file changed:  target/cljsbuild/public/js/out/web/plot.js
[0mCompiling "target/cljsbuild/public/js/app.js" from ["src/cljs" "src/cljc" "env/dev/cljs"]...[0m
[32mSuccessfully compiled "target/cljsbuild/public/js/app.js" in 0.531 seconds.[0m
[0mCompiling "target/cljsbuild/public/js/app.js" from ["src/cljs" "src/cljc" "env/dev/cljs"]...[0m
[32mSuccessfully compiled "target/cljsbuild/public/js/app.js" in 0.461 seconds.[0m
notifying browser that file changed:  target/cljsbuild/public/js/out/web/plot.js
[0mCompiling "target/cljsbuild/public/js/app.js" from ["src/cljs" "src/cljc" "env/dev/cljs"]...[0m
[32mSuccessfully compiled "target/cljsbuild/public/js/app.js" in 0.535 seconds.[0m
[0mCompiling "target/cljsbuild/public/js/app.js" from ["src/cljs" "src/cljc" "env/dev/cljs"]...[0m
[32mSuccessfully compiled "target/cljsbuild/public/js/app.js" in 0.436 seconds.[0m
notifying browser that file changed:  target/cljsbuild/public/js/out/web/plot.js
[0mCompiling "target/cljsbuild/public/js/app.js" from ["src/cljs" "src/cljc" "env/dev/cljs"]...[0m
[32mSuccessfully compiled "target/cljsbuild/public/js/app.js" in 1.805 seconds.[0m
[0mCompiling "target/cljsbuild/public/js/app.js" from ["src/cljs" "src/cljc" "env/dev/cljs"]...[0m
[32mSuccessfully compiled "target/cljsbuild/public/js/app.js" in 0.525 seconds.[0m
notifying browser that file changed:  target/cljsbuild/public/js/out/web/plot.js
[0mCompiling "target/cljsbuild/public/js/app.js" from ["src/cljs" "src/cljc" "env/dev/cljs"]...[0m
[32mSuccessfully compiled "target/cljsbuild/public/js/app.js" in 2.221 seconds.[0m
[0mCompiling "target/cljsbuild/public/js/app.js" from ["src/cljs" "src/cljc" "env/dev/cljs"]...[0m
[32mSuccessfully compiled "target/cljsbuild/public/js/app.js" in 0.472 seconds.[0m
notifying browser that file changed:  target/cljsbuild/public/js/out/web/plot.js
[0mCompiling "target/cljsbuild/public/js/app.js" from ["src/cljs" "src/cljc" "env/dev/cljs"]...[0m
[32mSuccessfully compiled "target/cljsbuild/public/js/app.js" in 0.524 seconds.[0m
[0mCompiling "target/cljsbuild/public/js/app.js" from ["src/cljs" "src/cljc" "env/dev/cljs"]...[0m
[32mSuccessfully compiled "target/cljsbuild/public/js/app.js" in 0.435 seconds.[0m
notifying browser that file changed:  target/cljsbuild/public/js/out/web/plot.js
[0mCompiling "target/cljsbuild/public/js/app.js" from ["src/cljs" "src/cljc" "env/dev/cljs"]...[0m
[31mFailed to compile "target/cljsbuild/public/js/app.js" in 0.394 seconds.[0m
[36m----  Could not Read  src/cljs/web/plot.cljs   line:4  column:24  ----[0m

  [1mNo reader function for tag clj->js[0m

  [36m2[0m  [36m  (:require [cljsjs.dimple]))[0m
  [36m3[0m  [36m[0m
  [33m4[0m  [1m(def test-data #clj->js [{"name" "pt1"}][0m
  [0m [0m  [33m                       ^--- No reader function for tag clj->js[0m
  [36m5[0m  [36m                     "x" 12[0m
  [36m6[0m  [36m                     "y" 17[0m
  [36m7[0m  [36m                     "z" 22[0m

[36m----  Reader Error : Please see src/cljs/web/plot.cljs  ----[0m
[0mCompiling "target/cljsbuild/public/js/app.js" from ["src/cljs" "src/cljc" "env/dev/cljs"]...[0m
[32mSuccessfully compiled "target/cljsbuild/public/js/app.js" in 0.695 seconds.[0m
notifying browser that file changed:  target/cljsbuild/public/js/out/web/plot.js
[0mCompiling "target/cljsbuild/public/js/app.js" from ["src/cljs" "src/cljc" "env/dev/cljs"]...[0m
[31mFailed to compile "target/cljsbuild/public/js/app.js" in 0.409 seconds.[0m
[36m----  Could not Read  src/cljs/web/plot.cljs   line:4  column:24  ----[0m

  [1mNo reader function for tag clj->js[0m

  [36m2[0m  [36m  (:require [cljsjs.dimple]))[0m
  [36m3[0m  [36m[0m
  [33m4[0m  [1m(def test-data #clj->js [{:name "pt1"[0m
  [0m [0m  [33m                       ^--- No reader function for tag clj->js[0m
  [36m5[0m  [36m                          :x 12[0m
  [36m6[0m  [36m                          :y 17[0m
  [36m7[0m  [36m                          :z 22}[0m

[36m----  Reader Error : Please see src/cljs/web/plot.cljs  ----[0m
[0mCompiling "target/cljsbuild/public/js/app.js" from ["src/cljs" "src/cljc" "env/dev/cljs"]...[0m
[31mFailed to compile "target/cljsbuild/public/js/app.js" in 0.488 seconds.[0m
[36m----  Could not Read  src/cljs/web/plot.cljs   line:4  column:24  ----[0m

  [1mNo reader function for tag clj->js[0m

  [36m2[0m  [36m  (:require [cljsjs.dimple]))[0m
  [36m3[0m  [36m[0m
  [33m4[0m  [1m(def test-data #clj->js [{:name "pt1"[0m
  [0m [0m  [33m                       ^--- No reader function for tag clj->js[0m
  [36m5[0m  [36m                          :x 12[0m
  [36m6[0m  [36m                          :y 17[0m
  [36m7[0m  [36m                          :z 22}[0m

[36m----  Reader Error : Please see src/cljs/web/plot.cljs  ----[0m
[0mCompiling "target/cljsbuild/public/js/app.js" from ["src/cljs" "src/cljc" "env/dev/cljs"]...[0m
[31mFailed to compile "target/cljsbuild/public/js/app.js" in 0.403 seconds.[0m
[36m----  Could not Read  src/cljs/web/plot.cljs   line:7  column:29  ----[0m

  [1mJavaScript literal must use map or vector notation[0m

  [36m 5[0m  [36m :x 12[0m
  [36m 6[0m  [36m :y 17[0m
  [33m 7[0m  [1m :z 22}[0m
  [0m  [0m  [33m       ^--- JavaScript literal must use map or vector notation[0m
  [36m 8[0m  [36m{:name "pt2"[0m
  [36m 9[0m  [36m :x 21[0m
  [36m10[0m  [36m :y 22[0m

[36m----  Reader Error : Please see src/cljs/web/plot.cljs  ----[0m
[0mCompiling "target/cljsbuild/public/js/app.js" from ["src/cljs" "src/cljc" "env/dev/cljs"]...[0m
[32mSuccessfully compiled "target/cljsbuild/public/js/app.js" in 0.555 seconds.[0m
notifying browser that file changed:  target/cljsbuild/public/js/out/web/plot.js
[0mCompiling "target/cljsbuild/public/js/app.js" from ["src/cljs" "src/cljc" "env/dev/cljs"]...[0m
[31mFailed to compile "target/cljsbuild/public/js/app.js" in 0.541 seconds.[0m
[36m----  Could not Read  src/cljs/web/plot.cljs   line:15  column:30  ----[0m

  [1mJavaScript literal keys must be strings or unqualified keywords[0m

  [36m13[0m  [36m                      :x 7[0m
  [36m14[0m  [36m                      :y 54[0m
  [33m15[0m  [1m                      :z 99}})[0m
  [0m  [0m  [33m                             ^--- JavaScript literal keys must be strings or unqualified keywords[0m
  [36m16[0m  [36m[0m
  [36m17[0m  [36m(defn bubble-plot [container-id][0m
  [36m18[0m  [36m  (let [chart (js/dimple.chart. (.newSvg js/dimple container-id 800 600) test-data)][0m

[36m----  Reader Error : Please see src/cljs/web/plot.cljs  ----[0m
[0mCompiling "target/cljsbuild/public/js/app.js" from ["src/cljs" "src/cljc" "env/dev/cljs"]...[0m
[31mFailed to compile "target/cljsbuild/public/js/app.js" in 0.556 seconds.[0m
[36m----  Could not Read  src/cljs/web/plot.cljs   line:15  column:30  ----[0m

  [1mJavaScript literal keys must be strings or unqualified keywords[0m

  [36m13[0m  [36m                      :x 7[0m
  [36m14[0m  [36m                      :y 54[0m
  [33m15[0m  [1m                      :z 99}})[0m
  [0m  [0m  [33m                             ^--- JavaScript literal keys must be strings or unqualified keywords[0m
  [36m16[0m  [36m[0m
  [36m17[0m  [36m(defn bubble-plot [container-id][0m
  [36m18[0m  [36m  (let [chart (js/dimple.chart. (.newSvg js/dimple container-id 800 600) test-data)][0m

[36m----  Reader Error : Please see src/cljs/web/plot.cljs  ----[0m
[0mCompiling "target/cljsbuild/public/js/app.js" from ["src/cljs" "src/cljc" "env/dev/cljs"]...[0m
[32mSuccessfully compiled "target/cljsbuild/public/js/app.js" in 0.58 seconds.[0m
[0mCompiling "target/cljsbuild/public/js/app.js" from ["src/cljs" "src/cljc" "env/dev/cljs"]...[0m
[32mSuccessfully compiled "target/cljsbuild/public/js/app.js" in 0.441 seconds.[0m
notifying browser that file changed:  target/cljsbuild/public/js/out/web/plot.js
[0mCompiling "target/cljsbuild/public/js/app.js" from ["src/cljs" "src/cljc" "env/dev/cljs"]...[0m
[32mSuccessfully compiled "target/cljsbuild/public/js/app.js" in 0.533 seconds.[0m
[0mCompiling "target/cljsbuild/public/js/app.js" from ["src/cljs" "src/cljc" "env/dev/cljs"]...[0m
[32mSuccessfully compiled "target/cljsbuild/public/js/app.js" in 0.517 seconds.[0m
notifying browser that file changed:  target/cljsbuild/public/js/out/web/plot.js
[0mCompiling "target/cljsbuild/public/js/app.js" from ["src/cljs" "src/cljc" "env/dev/cljs"]...[0m
[32mSuccessfully compiled "target/cljsbuild/public/js/app.js" in 0.569 seconds.[0m
[0mCompiling "target/cljsbuild/public/js/app.js" from ["src/cljs" "src/cljc" "env/dev/cljs"]...[0m
[32mSuccessfully compiled "target/cljsbuild/public/js/app.js" in 0.666 seconds.[0m
notifying browser that file changed:  target/cljsbuild/public/js/out/web/plot.js
[0mCompiling "target/cljsbuild/public/js/app.js" from ["src/cljs" "src/cljc" "env/dev/cljs"]...[0m
[32mSuccessfully compiled "target/cljsbuild/public/js/app.js" in 0.638 seconds.[0m
[0mCompiling "target/cljsbuild/public/js/app.js" from ["src/cljs" "src/cljc" "env/dev/cljs"]...[0m
[32mSuccessfully compiled "target/cljsbuild/public/js/app.js" in 0.803 seconds.[0m
notifying browser that file changed:  target/cljsbuild/public/js/out/web/plot.js
[0mCompiling "target/cljsbuild/public/js/app.js" from ["src/cljs" "src/cljc" "env/dev/cljs"]...[0m
[32mSuccessfully compiled "target/cljsbuild/public/js/app.js" in 0.51 seconds.[0m
[0mCompiling "target/cljsbuild/public/js/app.js" from ["src/cljs" "src/cljc" "env/dev/cljs"]...[0m
[32mSuccessfully compiled "target/cljsbuild/public/js/app.js" in 0.453 seconds.[0m
notifying browser that file changed:  target/cljsbuild/public/js/out/web/plot.js
[0mCompiling "target/cljsbuild/public/js/app.js" from ["src/cljs" "src/cljc" "env/dev/cljs"]...[0m
[32mSuccessfully compiled "target/cljsbuild/public/js/app.js" in 0.583 seconds.[0m
[0mCompiling "target/cljsbuild/public/js/app.js" from ["src/cljs" "src/cljc" "env/dev/cljs"]...[0m
[32mSuccessfully compiled "target/cljsbuild/public/js/app.js" in 0.446 seconds.[0m
notifying browser that file changed:  target/cljsbuild/public/js/out/web/plot.js
[0mCompiling "target/cljsbuild/public/js/app.js" from ["src/cljs" "src/cljc" "env/dev/cljs"]...[0m
[31mFailed to compile "target/cljsbuild/public/js/app.js" in 0.401 seconds.[0m
[36m----  Could not Analyze  src/cljs/web/plot.cljs   line:24  column:12  ----[0m

  [1mUnknown dot form of (. nil draw nil) with classification [:cljs.analyzer/error :cljs.analyzer/symbol ()][0m

  [36m22[0m  [36m(.addMeasureAxis "z" "z")[0m
  [36m23[0m  [36m(.addSeries "name" (.. js/dimple -plot -bubble))[0m
  [33m24[0m  [1m(.draw)) chart)))[0m
  [0m  [0m  [33m^--- Unknown dot form of (. nil draw nil) with classification [:cljs.analyzer/error :cljs.analyzer/symbol ()][0m

[36m----  Analysis Error : Please see src/cljs/web/plot.cljs  ----[0m
[0mCompiling "target/cljsbuild/public/js/app.js" from ["src/cljs" "src/cljc" "env/dev/cljs"]...[0m
[32mSuccessfully compiled "target/cljsbuild/public/js/app.js" in 0.532 seconds.[0m
notifying browser that file changed:  target/cljsbuild/public/js/out/web/plot.js
[0mCompiling "target/cljsbuild/public/js/app.js" from ["src/cljs" "src/cljc" "env/dev/cljs"]...[0m
[32mSuccessfully compiled "target/cljsbuild/public/js/app.js" in 0.533 seconds.[0m
[0mCompiling "target/cljsbuild/public/js/app.js" from ["src/cljs" "src/cljc" "env/dev/cljs"]...[0m
[32mSuccessfully compiled "target/cljsbuild/public/js/app.js" in 0.488 seconds.[0m
notifying browser that file changed:  target/cljsbuild/public/js/out/web/plot.js
[0mCompiling "target/cljsbuild/public/js/app.js" from ["src/cljs" "src/cljc" "env/dev/cljs"]...[0m
[32mSuccessfully compiled "target/cljsbuild/public/js/app.js" in 0.558 seconds.[0m
[0mCompiling "target/cljsbuild/public/js/app.js" from ["src/cljs" "src/cljc" "env/dev/cljs"]...[0m
[32mSuccessfully compiled "target/cljsbuild/public/js/app.js" in 0.654 seconds.[0m
notifying browser that file changed:  target/cljsbuild/public/js/out/web/plot.js
[0mCompiling "target/cljsbuild/public/js/app.js" from ["src/cljs" "src/cljc" "env/dev/cljs"]...[0m
[32mSuccessfully compiled "target/cljsbuild/public/js/app.js" in 0.515 seconds.[0m
[0mCompiling "target/cljsbuild/public/js/app.js" from ["src/cljs" "src/cljc" "env/dev/cljs"]...[0m
[32mSuccessfully compiled "target/cljsbuild/public/js/app.js" in 0.579 seconds.[0m
notifying browser that file changed:  target/cljsbuild/public/js/out/web/plot.js
[0mCompiling "target/cljsbuild/public/js/app.js" from ["src/cljs" "src/cljc" "env/dev/cljs"]...[0m
[32mSuccessfully compiled "target/cljsbuild/public/js/app.js" in 0.699 seconds.[0m
[0mCompiling "target/cljsbuild/public/js/app.js" from ["src/cljs" "src/cljc" "env/dev/cljs"]...[0m
[32mSuccessfully compiled "target/cljsbuild/public/js/app.js" in 0.538 seconds.[0m
notifying browser that file changed:  target/cljsbuild/public/js/out/web/plot.js
[0mCompiling "target/cljsbuild/public/js/app.js" from ["src/cljs" "src/cljc" "env/dev/cljs"]...[0m
[32mSuccessfully compiled "target/cljsbuild/public/js/app.js" in 0.576 seconds.[0m
[0mCompiling "target/cljsbuild/public/js/app.js" from ["src/cljs" "src/cljc" "env/dev/cljs"]...[0m
[32mSuccessfully compiled "target/cljsbuild/public/js/app.js" in 0.448 seconds.[0m
notifying browser that file changed:  target/cljsbuild/public/js/out/web/plot.js
[0mCompiling "target/cljsbuild/public/js/app.js" from ["src/cljs" "src/cljc" "env/dev/cljs"]...[0m
[32mSuccessfully compiled "target/cljsbuild/public/js/app.js" in 0.524 seconds.[0m
[0mCompiling "target/cljsbuild/public/js/app.js" from ["src/cljs" "src/cljc" "env/dev/cljs"]...[0m
[32mSuccessfully compiled "target/cljsbuild/public/js/app.js" in 0.424 seconds.[0m
notifying browser that file changed:  target/cljsbuild/public/js/out/web/plot.js
[0mCompiling "target/cljsbuild/public/js/app.js" from ["src/cljs" "src/cljc" "env/dev/cljs"]...[0m
[32mSuccessfully compiled "target/cljsbuild/public/js/app.js" in 0.547 seconds.[0m
[0mCompiling "target/cljsbuild/public/js/app.js" from ["src/cljs" "src/cljc" "env/dev/cljs"]...[0m
[32mSuccessfully compiled "target/cljsbuild/public/js/app.js" in 0.449 seconds.[0m
notifying browser that file changed:  target/cljsbuild/public/js/out/web/plot.js
[0mCompiling "target/cljsbuild/public/js/app.js" from ["src/cljs" "src/cljc" "env/dev/cljs"]...[0m
[32mSuccessfully compiled "target/cljsbuild/public/js/app.js" in 0.606 seconds.[0m
[0mCompiling "target/cljsbuild/public/js/app.js" from ["src/cljs" "src/cljc" "env/dev/cljs"]...[0m
[32mSuccessfully compiled "target/cljsbuild/public/js/app.js" in 0.68 seconds.[0m
notifying browser that file changed:  target/cljsbuild/public/js/out/web/plot.js
[0mCompiling "target/cljsbuild/public/js/app.js" from ["src/cljs" "src/cljc" "env/dev/cljs"]...[0m
[32mSuccessfully compiled "target/cljsbuild/public/js/app.js" in 0.525 seconds.[0m
[0mCompiling "target/cljsbuild/public/js/app.js" from ["src/cljs" "src/cljc" "env/dev/cljs"]...[0m
[32mSuccessfully compiled "target/cljsbuild/public/js/app.js" in 0.42 seconds.[0m
notifying browser that file changed:  target/cljsbuild/public/js/out/web/plot.js
[0mCompiling "target/cljsbuild/public/js/app.js" from ["src/cljs" "src/cljc" "env/dev/cljs"]...[0m
[32mSuccessfully compiled "target/cljsbuild/public/js/app.js" in 0.511 seconds.[0m
[0mCompiling "target/cljsbuild/public/js/app.js" from ["src/cljs" "src/cljc" "env/dev/cljs"]...[0m
[32mSuccessfully compiled "target/cljsbuild/public/js/app.js" in 0.514 seconds.[0m
notifying browser that file changed:  target/cljsbuild/public/js/out/web/core.js
[0mCompiling "target/cljsbuild/public/js/app.js" from ["src/cljs" "src/cljc" "env/dev/cljs"]...[0m
[32mSuccessfully compiled "target/cljsbuild/public/js/app.js" in 0.472 seconds.[0m
notifying browser that file changed:  target/cljsbuild/public/js/out/web/plot.js
